  MOARA.C
E:\Faculta\An II\Baba\Lab Grafica\PROIECT\MOARA DE VANT2\COD\MOARA.C(18,16): warning C4305: '+=': truncation from 'double' to 'float'
E:\Faculta\An II\Baba\Lab Grafica\PROIECT\MOARA DE VANT2\COD\MOARA.C(24,16): warning C4305: '-=': truncation from 'double' to 'float'
E:\Faculta\An II\Baba\Lab Grafica\PROIECT\MOARA DE VANT2\COD\MOARA.C(30,16): warning C4305: '-=': truncation from 'double' to 'float'
E:\Faculta\An II\Baba\Lab Grafica\PROIECT\MOARA DE VANT2\COD\MOARA.C(36,16): warning C4305: '+=': truncation from 'double' to 'float'
E:\Faculta\An II\Baba\Lab Grafica\PROIECT\MOARA DE VANT2\COD\MOARA.C(77,21): warning C4013: 'sqrt' undefined; assuming extern returning int
E:\Faculta\An II\Baba\Lab Grafica\PROIECT\MOARA DE VANT2\COD\MOARA.C(140,32): warning C4305: 'function': truncation from 'double' to 'GLfloat'
E:\Faculta\An II\Baba\Lab Grafica\PROIECT\MOARA DE VANT2\COD\MOARA.C(140,37): warning C4305: 'function': truncation from 'double' to 'GLfloat'
E:\Faculta\An II\Baba\Lab Grafica\PROIECT\MOARA DE VANT2\COD\MOARA.C(140,42): warning C4305: 'function': truncation from 'double' to 'GLfloat'
E:\Faculta\An II\Baba\Lab Grafica\PROIECT\MOARA DE VANT2\COD\MOARA.C(141,27): warning C4305: 'function': truncation from 'double' to 'GLfloat'
E:\Faculta\An II\Baba\Lab Grafica\PROIECT\MOARA DE VANT2\COD\MOARA.C(147,26): warning C4305: 'function': truncation from 'double' to 'GLfloat'
E:\Faculta\An II\Baba\Lab Grafica\PROIECT\MOARA DE VANT2\COD\MOARA.C(149,32): warning C4305: 'function': truncation from 'double' to 'GLfloat'
E:\Faculta\An II\Baba\Lab Grafica\PROIECT\MOARA DE VANT2\COD\MOARA.C(149,37): warning C4305: 'function': truncation from 'double' to 'GLfloat'
E:\Faculta\An II\Baba\Lab Grafica\PROIECT\MOARA DE VANT2\COD\MOARA.C(149,42): warning C4305: 'function': truncation from 'double' to 'GLfloat'
E:\Faculta\An II\Baba\Lab Grafica\PROIECT\MOARA DE VANT2\COD\MOARA.C(155,22): warning C4305: 'function': truncation from 'double' to 'GLfloat'
E:\Faculta\An II\Baba\Lab Grafica\PROIECT\MOARA DE VANT2\COD\MOARA.C(155,28): warning C4305: 'function': truncation from 'double' to 'GLfloat'
E:\Faculta\An II\Baba\Lab Grafica\PROIECT\MOARA DE VANT2\COD\MOARA.C(157,32): warning C4305: 'function': truncation from 'double' to 'GLfloat'
E:\Faculta\An II\Baba\Lab Grafica\PROIECT\MOARA DE VANT2\COD\MOARA.C(157,37): warning C4305: 'function': truncation from 'double' to 'GLfloat'
E:\Faculta\An II\Baba\Lab Grafica\PROIECT\MOARA DE VANT2\COD\MOARA.C(157,42): warning C4305: 'function': truncation from 'double' to 'GLfloat'
E:\Faculta\An II\Baba\Lab Grafica\PROIECT\MOARA DE VANT2\COD\MOARA.C(165,26): warning C4305: 'function': truncation from 'double' to 'GLfloat'
E:\Faculta\An II\Baba\Lab Grafica\PROIECT\MOARA DE VANT2\COD\MOARA.C(167,28): warning C4305: 'function': truncation from 'double' to 'GLfloat'
E:\Faculta\An II\Baba\Lab Grafica\PROIECT\MOARA DE VANT2\COD\MOARA.C(173,27): warning C4305: 'function': truncation from 'double' to 'GLfloat'
E:\Faculta\An II\Baba\Lab Grafica\PROIECT\MOARA DE VANT2\COD\MOARA.C(175,32): warning C4305: 'function': truncation from 'double' to 'GLfloat'
E:\Faculta\An II\Baba\Lab Grafica\PROIECT\MOARA DE VANT2\COD\MOARA.C(175,37): warning C4305: 'function': truncation from 'double' to 'GLfloat'
E:\Faculta\An II\Baba\Lab Grafica\PROIECT\MOARA DE VANT2\COD\MOARA.C(175,42): warning C4305: 'function': truncation from 'double' to 'GLfloat'
E:\Faculta\An II\Baba\Lab Grafica\PROIECT\MOARA DE VANT2\COD\MOARA.C(181,27): warning C4305: 'function': truncation from 'double' to 'GLfloat'
E:\Faculta\An II\Baba\Lab Grafica\PROIECT\MOARA DE VANT2\COD\MOARA.C(183,32): warning C4305: 'function': truncation from 'double' to 'GLfloat'
E:\Faculta\An II\Baba\Lab Grafica\PROIECT\MOARA DE VANT2\COD\MOARA.C(183,37): warning C4305: 'function': truncation from 'double' to 'GLfloat'
E:\Faculta\An II\Baba\Lab Grafica\PROIECT\MOARA DE VANT2\COD\MOARA.C(183,42): warning C4305: 'function': truncation from 'double' to 'GLfloat'
E:\Faculta\An II\Baba\Lab Grafica\PROIECT\MOARA DE VANT2\COD\MOARA.C(189,27): warning C4305: 'function': truncation from 'double' to 'GLfloat'
E:\Faculta\An II\Baba\Lab Grafica\PROIECT\MOARA DE VANT2\COD\MOARA.C(191,32): warning C4305: 'function': truncation from 'double' to 'GLfloat'
E:\Faculta\An II\Baba\Lab Grafica\PROIECT\MOARA DE VANT2\COD\MOARA.C(191,37): warning C4305: 'function': truncation from 'double' to 'GLfloat'
E:\Faculta\An II\Baba\Lab Grafica\PROIECT\MOARA DE VANT2\COD\MOARA.C(191,42): warning C4305: 'function': truncation from 'double' to 'GLfloat'
E:\Faculta\An II\Baba\Lab Grafica\PROIECT\MOARA DE VANT2\COD\MOARA.C(197,28): warning C4305: 'function': truncation from 'double' to 'GLfloat'
E:\Faculta\An II\Baba\Lab Grafica\PROIECT\MOARA DE VANT2\COD\MOARA.C(199,32): warning C4305: 'function': truncation from 'double' to 'GLfloat'
E:\Faculta\An II\Baba\Lab Grafica\PROIECT\MOARA DE VANT2\COD\MOARA.C(199,37): warning C4305: 'function': truncation from 'double' to 'GLfloat'
E:\Faculta\An II\Baba\Lab Grafica\PROIECT\MOARA DE VANT2\COD\MOARA.C(199,42): warning C4305: 'function': truncation from 'double' to 'GLfloat'
E:\Faculta\An II\Baba\Lab Grafica\PROIECT\MOARA DE VANT2\COD\MOARA.C(207,27): warning C4305: 'function': truncation from 'double' to 'GLfloat'
E:\Faculta\An II\Baba\Lab Grafica\PROIECT\MOARA DE VANT2\COD\MOARA.C(207,33): warning C4305: 'function': truncation from 'double' to 'GLfloat'
E:\Faculta\An II\Baba\Lab Grafica\PROIECT\MOARA DE VANT2\COD\MOARA.C(210,32): warning C4305: 'function': truncation from 'double' to 'GLfloat'
E:\Faculta\An II\Baba\Lab Grafica\PROIECT\MOARA DE VANT2\COD\MOARA.C(210,37): warning C4305: 'function': truncation from 'double' to 'GLfloat'
E:\Faculta\An II\Baba\Lab Grafica\PROIECT\MOARA DE VANT2\COD\MOARA.C(210,42): warning C4305: 'function': truncation from 'double' to 'GLfloat'
E:\Faculta\An II\Baba\Lab Grafica\PROIECT\MOARA DE VANT2\COD\MOARA.C(216,27): warning C4305: 'function': truncation from 'double' to 'GLfloat'
E:\Faculta\An II\Baba\Lab Grafica\PROIECT\MOARA DE VANT2\COD\MOARA.C(216,34): warning C4305: 'function': truncation from 'double' to 'GLfloat'
E:\Faculta\An II\Baba\Lab Grafica\PROIECT\MOARA DE VANT2\COD\MOARA.C(219,32): warning C4305: 'function': truncation from 'double' to 'GLfloat'
E:\Faculta\An II\Baba\Lab Grafica\PROIECT\MOARA DE VANT2\COD\MOARA.C(219,37): warning C4305: 'function': truncation from 'double' to 'GLfloat'
E:\Faculta\An II\Baba\Lab Grafica\PROIECT\MOARA DE VANT2\COD\MOARA.C(219,42): warning C4305: 'function': truncation from 'double' to 'GLfloat'
E:\Faculta\An II\Baba\Lab Grafica\PROIECT\MOARA DE VANT2\COD\MOARA.C(225,27): warning C4305: 'function': truncation from 'double' to 'GLfloat'
E:\Faculta\An II\Baba\Lab Grafica\PROIECT\MOARA DE VANT2\COD\MOARA.C(228,32): warning C4305: 'function': truncation from 'double' to 'GLfloat'
E:\Faculta\An II\Baba\Lab Grafica\PROIECT\MOARA DE VANT2\COD\MOARA.C(228,37): warning C4305: 'function': truncation from 'double' to 'GLfloat'
E:\Faculta\An II\Baba\Lab Grafica\PROIECT\MOARA DE VANT2\COD\MOARA.C(228,42): warning C4305: 'function': truncation from 'double' to 'GLfloat'
E:\Faculta\An II\Baba\Lab Grafica\PROIECT\MOARA DE VANT2\COD\MOARA.C(234,28): warning C4305: 'function': truncation from 'double' to 'GLfloat'
E:\Faculta\An II\Baba\Lab Grafica\PROIECT\MOARA DE VANT2\COD\MOARA.C(237,32): warning C4305: 'function': truncation from 'double' to 'GLfloat'
E:\Faculta\An II\Baba\Lab Grafica\PROIECT\MOARA DE VANT2\COD\MOARA.C(237,37): warning C4305: 'function': truncation from 'double' to 'GLfloat'
E:\Faculta\An II\Baba\Lab Grafica\PROIECT\MOARA DE VANT2\COD\MOARA.C(237,42): warning C4305: 'function': truncation from 'double' to 'GLfloat'
E:\Faculta\An II\Baba\Lab Grafica\PROIECT\MOARA DE VANT2\COD\MOARA.C(314,18): warning C4305: 'function': truncation from 'double' to 'GLfloat'
E:\Faculta\An II\Baba\Lab Grafica\PROIECT\MOARA DE VANT2\COD\MOARA.C(314,23): warning C4305: 'function': truncation from 'double' to 'GLfloat'
E:\Faculta\An II\Baba\Lab Grafica\PROIECT\MOARA DE VANT2\COD\MOARA.C(314,28): warning C4305: 'function': truncation from 'double' to 'GLfloat'
E:\Faculta\An II\Baba\Lab Grafica\PROIECT\MOARA DE VANT2\COD\MOARA.C(353,19): warning C4133: 'function': incompatible types - from 'char [14]' to 'LPCWSTR'
  MOARA DE VANT2.vcxproj -> E:\Faculta\An II\Baba\Lab Grafica\PROIECT\MOARA DE VANT2\Debug\MOARA DE VANT2.exe
